<?xml version="1.0" encoding="UTF-8"?>
<!-- Generated by org.testng.reporters.JUnitReportReporter -->
<testsuite hostname="LTIN520817" failures="0" tests="11" name="CASOutreach.OutreachMain" time="35.814" errors="0" timestamp="2024-05-01T17:54:35 IST" skipped="0">
  <testcase classname="CASOutreach.OutreachMain" name="beCognizant" time="14.643"/>
  <system-out/>
  <testcase classname="CASOutreach.OutreachMain" name="onCognizant" time="10.398"/>
  <system-out/>
  <testcase classname="CASOutreach.OutreachMain" name="menu" time="0.614"/>
  <system-out/>
  <testcase classname="CASOutreach.OutreachMain" name="submenu" time="4.174"/>
  <system-out/>
  <testcase classname="CASOutreach.OutreachMain" name="interstCardList" time="0.053"/>
  <system-out/>
  <testcase classname="CASOutreach.OutreachMain" name="serachFilterButton" time="3.609"/>
  <system-out/>
  <testcase classname="CASOutreach.OutreachMain" name="fromDate" time="0.569"/>
  <system-out/>
  <testcase classname="CASOutreach.OutreachMain" name="toDate" time="0.312"/>
  <system-out/>
  <testcase classname="CASOutreach.OutreachMain" name="filterSearchButton" time="0.652"/>
  <system-out/>
  <testcase classname="CASOutreach.OutreachMain" name="displaySearchResults" time="0.256"/>
  <system-out/>
  <testcase classname="CASOutreach.OutreachMain" name="vlounteerOption" time="0.534"/>
  <system-out/>
</testsuite> <!-- CASOutreach.OutreachMain -->
